<?xml version="1.0" encoding="UTF-8"?>
<!-- Generated by org.testng.reporters.JUnitXMLReporter -->
<testsuite ignored="0" hostname="DESKTOP-KJ7QM76" failures="0" tests="3" name="HomePage" time="6.824" errors="0" timestamp="2025-10-21T15:46:47 AEST">
  <testcase classname="com.CRM.TestCase.HomePageTestCase" name="verifyURL" time="0.819"/>
  <testcase classname="com.CRM.TestCase.HomePageTestCase" name="verifyTitle" time="0.021"/>
  <testcase classname="com.CRM.TestCase.HomePageTestCase" name="validateSignInLink" time="0.77"/>
</testsuite> <!-- HomePage -->
