<?xml version="1.0" encoding="UTF-8"?>
<!-- Generated by org.testng.reporters.JUnitXMLReporter -->
<testsuite ignored="0" hostname="DESKTOP-KJ7QM76" failures="1" tests="1" name="LoginPage" time="6.991" errors="0" timestamp="2025-10-21T15:46:54 AEST">
  <testcase classname="com.CRM.TestCase.LoginPageTestCase" name="validateLogin" time="0.471">
    <failure type="java.lang.AssertionError" message="Test fails expected [true] but found [false]">
      <![CDATA[java.lang.AssertionError: Test fails expected [true] but found [false]
at com.CRM.TestCase.LoginPageTestCase.validateLogin(LoginPageTestCase.java:21)
at java.base/java.util.ArrayList.forEach(ArrayList.java:1511)
... Removed 30 stack frames]]>
    </failure>
  </testcase> <!-- validateLogin -->
</testsuite> <!-- LoginPage -->
