<?xml version="1.0" encoding="UTF-8"?>
<!-- Generated by org.testng.reporters.JUnitXMLReporter -->
<testsuite ignored="0" hostname="DESKTOP-KJ7QM76" failures="1" tests="1" name="Test" time="0.097" errors="0" timestamp="2025-11-12T15:55:53 AEST">
  <testcase classname="seleniumGrid.ParallelTest" name="crossBrowserTest" time="0.0">
    <failure type="org.testng.TestNGException" message="
Parameter &amp;apos;bname&amp;apos; is required by @Test on method crossBrowserTest but has not been marked @Optional or defined
in H:\Star_Agile\Selenium\Kajal_Selenium Workspace\AutomationDevOps5022\gridtestng.xml">
      <![CDATA[org.testng.TestNGException: 
Parameter 'bname' is required by @Test on method crossBrowserTest but has not been marked @Optional or defined
in H:\Star_Agile\Selenium\Kajal_Selenium Workspace\AutomationDevOps5022\gridtestng.xml
at java.base/java.util.ArrayList.forEach(ArrayList.java:1511)
... Removed 26 stack frames]]>
    </failure>
  </testcase> <!-- crossBrowserTest -->
</testsuite> <!-- Test -->
