<?xml version="1.0" encoding="UTF-8"?>
<!-- Generated by org.testng.reporters.JUnitXMLReporter -->
<testsuite ignored="0" hostname="DESKTOP-KJ7QM76" failures="0" tests="3" name="HomePage" time="13.34" errors="0" timestamp="2025-11-12T16:11:20 AEST">
  <testcase classname="com.CRM.TestCase.HomePageTestCase" name="verifyURL" time="0.068"/>
  <testcase classname="com.CRM.TestCase.HomePageTestCase" name="verifyTitle" time="0.083"/>
  <testcase classname="com.CRM.TestCase.HomePageTestCase" name="validateSignInLink" time="0.845"/>
</testsuite> <!-- HomePage -->
