<?xml version="1.0" encoding="UTF-8"?>
<testng-results ignored="0" total="4" passed="4" failed="0" skipped="0">
  <reporter-output>
  </reporter-output>
  <suite started-at="2025-11-11T23:05:54 AEST" name="Suite" finished-at="2025-11-11T23:06:11 AEST" duration-ms="16336">
    <groups>
    </groups>
    <test started-at="2025-11-11T23:05:54 AEST" name="HomePage" finished-at="2025-11-11T23:06:02 AEST" duration-ms="7638">
      <class name="com.CRM.TestCase.HomePageTestCase">
        <test-method is-config="true" signature="setup()[pri:0, instance:com.CRM.TestCase.HomePageTestCase@1189dd52]" started-at="2025-11-11T23:05:54 AEST" name="setup" finished-at="2025-11-11T23:06:00 AEST" duration-ms="5451" status="PASS">
          <reporter-output>
          </reporter-output>
        </test-method> <!-- setup -->
        <test-method signature="verifyURL()[pri:1, instance:com.CRM.TestCase.HomePageTestCase@1189dd52]" started-at="2025-11-11T23:06:00 AEST" name="verifyURL" finished-at="2025-11-11T23:06:00 AEST" duration-ms="19" status="PASS">
          <reporter-output>
          </reporter-output>
        </test-method> <!-- verifyURL -->
        <test-method signature="verifyTitle()[pri:2, instance:com.CRM.TestCase.HomePageTestCase@1189dd52]" started-at="2025-11-11T23:06:00 AEST" name="verifyTitle" finished-at="2025-11-11T23:06:00 AEST" duration-ms="14" status="PASS">
          <reporter-output>
          </reporter-output>
        </test-method> <!-- verifyTitle -->
        <test-method signature="validateSignInLink()[pri:3, instance:com.CRM.TestCase.HomePageTestCase@1189dd52]" started-at="2025-11-11T23:06:00 AEST" name="validateSignInLink" finished-at="2025-11-11T23:06:01 AEST" duration-ms="759" status="PASS">
          <reporter-output>
          </reporter-output>
        </test-method> <!-- validateSignInLink -->
        <test-method is-config="true" signature="afterTest()[pri:0, instance:com.CRM.TestCase.HomePageTestCase@1189dd52]" started-at="2025-11-11T23:06:01 AEST" name="afterTest" finished-at="2025-11-11T23:06:02 AEST" duration-ms="1334" status="PASS">
          <reporter-output>
          </reporter-output>
        </test-method> <!-- afterTest -->
      </class> <!-- com.CRM.TestCase.HomePageTestCase -->
    </test> <!-- HomePage -->
    <test started-at="2025-11-11T23:06:02 AEST" name="LoginPage" finished-at="2025-11-11T23:06:11 AEST" duration-ms="8647">
      <class name="com.CRM.TestCase.LoginPageTestCase">
        <test-method is-config="true" signature="setup()[pri:0, instance:com.CRM.TestCase.LoginPageTestCase@55182842]" started-at="2025-11-11T23:06:02 AEST" name="setup" finished-at="2025-11-11T23:06:07 AEST" duration-ms="5158" status="PASS">
          <reporter-output>
          </reporter-output>
        </test-method> <!-- setup -->
        <test-method is-config="true" signature="pageSetup()[pri:0, instance:com.CRM.TestCase.LoginPageTestCase@55182842]" started-at="2025-11-11T23:06:07 AEST" name="pageSetup" finished-at="2025-11-11T23:06:08 AEST" duration-ms="862" status="PASS">
          <reporter-output>
          </reporter-output>
        </test-method> <!-- pageSetup -->
        <test-method signature="validateLogin()[pri:0, instance:com.CRM.TestCase.LoginPageTestCase@55182842]" started-at="2025-11-11T23:06:08 AEST" name="validateLogin" finished-at="2025-11-11T23:06:10 AEST" duration-ms="1406" status="PASS">
          <reporter-output>
          </reporter-output>
        </test-method> <!-- validateLogin -->
        <test-method is-config="true" signature="afterTest()[pri:0, instance:com.CRM.TestCase.LoginPageTestCase@55182842]" started-at="2025-11-11T23:06:10 AEST" name="afterTest" finished-at="2025-11-11T23:06:11 AEST" duration-ms="1215" status="PASS">
          <reporter-output>
          </reporter-output>
        </test-method> <!-- afterTest -->
      </class> <!-- com.CRM.TestCase.LoginPageTestCase -->
    </test> <!-- LoginPage -->
  </suite> <!-- Suite -->
</testng-results>
