<?xml version="1.0" encoding="UTF-8"?>
<testng-results ignored="0" total="4" passed="4" failed="0" skipped="0">
  <reporter-output>
  </reporter-output>
  <suite started-at="2025-11-12T16:40:26 AEST" name="Suite" finished-at="2025-11-12T16:40:47 AEST" duration-ms="20389">
    <groups>
    </groups>
    <test started-at="2025-11-12T16:40:26 AEST" name="HomePage" finished-at="2025-11-12T16:40:37 AEST" duration-ms="10555">
      <class name="com.CRM.TestCase.HomePageTestCase">
        <test-method is-config="true" signature="setup()[pri:0, instance:com.CRM.TestCase.HomePageTestCase@4efbca5a]" started-at="2025-11-12T16:40:26 AEST" name="setup" finished-at="2025-11-12T16:40:35 AEST" duration-ms="8498" status="PASS">
          <reporter-output>
          </reporter-output>
        </test-method> <!-- setup -->
        <test-method signature="verifyURL()[pri:1, instance:com.CRM.TestCase.HomePageTestCase@4efbca5a]" started-at="2025-11-12T16:40:35 AEST" name="verifyURL" finished-at="2025-11-12T16:40:35 AEST" duration-ms="39" status="PASS">
          <reporter-output>
          </reporter-output>
        </test-method> <!-- verifyURL -->
        <test-method signature="verifyTitle()[pri:2, instance:com.CRM.TestCase.HomePageTestCase@4efbca5a]" started-at="2025-11-12T16:40:35 AEST" name="verifyTitle" finished-at="2025-11-12T16:40:35 AEST" duration-ms="20" status="PASS">
          <reporter-output>
          </reporter-output>
        </test-method> <!-- verifyTitle -->
        <test-method signature="validateSignInLink()[pri:3, instance:com.CRM.TestCase.HomePageTestCase@4efbca5a]" started-at="2025-11-12T16:40:35 AEST" name="validateSignInLink" finished-at="2025-11-12T16:40:36 AEST" duration-ms="664" status="PASS">
          <reporter-output>
          </reporter-output>
        </test-method> <!-- validateSignInLink -->
        <test-method is-config="true" signature="afterTest()[pri:0, instance:com.CRM.TestCase.HomePageTestCase@4efbca5a]" started-at="2025-11-12T16:40:36 AEST" name="afterTest" finished-at="2025-11-12T16:40:37 AEST" duration-ms="1223" status="PASS">
          <reporter-output>
          </reporter-output>
        </test-method> <!-- afterTest -->
      </class> <!-- com.CRM.TestCase.HomePageTestCase -->
    </test> <!-- HomePage -->
    <test started-at="2025-11-12T16:40:37 AEST" name="LoginPage" finished-at="2025-11-12T16:40:47 AEST" duration-ms="9769">
      <class name="com.CRM.TestCase.LoginPageTestCase">
        <test-method is-config="true" signature="setup()[pri:0, instance:com.CRM.TestCase.LoginPageTestCase@30c15d8b]" started-at="2025-11-12T16:40:37 AEST" name="setup" finished-at="2025-11-12T16:40:43 AEST" duration-ms="6313" status="PASS">
          <reporter-output>
          </reporter-output>
        </test-method> <!-- setup -->
        <test-method is-config="true" signature="pageSetup()[pri:0, instance:com.CRM.TestCase.LoginPageTestCase@30c15d8b]" started-at="2025-11-12T16:40:43 AEST" name="pageSetup" finished-at="2025-11-12T16:40:44 AEST" duration-ms="846" status="PASS">
          <reporter-output>
          </reporter-output>
        </test-method> <!-- pageSetup -->
        <test-method signature="validateLogin()[pri:0, instance:com.CRM.TestCase.LoginPageTestCase@30c15d8b]" started-at="2025-11-12T16:40:44 AEST" name="validateLogin" finished-at="2025-11-12T16:40:46 AEST" duration-ms="1377" status="PASS">
          <reporter-output>
          </reporter-output>
        </test-method> <!-- validateLogin -->
        <test-method is-config="true" signature="afterTest()[pri:0, instance:com.CRM.TestCase.LoginPageTestCase@30c15d8b]" started-at="2025-11-12T16:40:46 AEST" name="afterTest" finished-at="2025-11-12T16:40:47 AEST" duration-ms="1219" status="PASS">
          <reporter-output>
          </reporter-output>
        </test-method> <!-- afterTest -->
      </class> <!-- com.CRM.TestCase.LoginPageTestCase -->
    </test> <!-- LoginPage -->
  </suite> <!-- Suite -->
</testng-results>
