<?xml version="1.0" encoding="UTF-8"?>
<testng-results ignored="0" total="1" passed="1" failed="0" skipped="0">
  <reporter-output>
  </reporter-output>
  <suite started-at="2025-10-21T16:00:42 AEST" name="Default suite" finished-at="2025-10-21T16:00:51 AEST" duration-ms="8546">
    <groups>
    </groups>
    <test started-at="2025-10-21T16:00:42 AEST" name="Default test" finished-at="2025-10-21T16:00:51 AEST" duration-ms="8546">
      <class name="com.CRM.TestCase.LoginPageTestCase">
        <test-method is-config="true" signature="setup()[pri:0, instance:com.CRM.TestCase.LoginPageTestCase@557caf28]" started-at="2025-10-21T16:00:42 AEST" name="setup" finished-at="2025-10-21T16:00:49 AEST" duration-ms="6506" status="PASS">
          <reporter-output>
          </reporter-output>
        </test-method> <!-- setup -->
        <test-method is-config="true" signature="pageSetup()[pri:0, instance:com.CRM.TestCase.LoginPageTestCase@557caf28]" started-at="2025-10-21T16:00:49 AEST" name="pageSetup" finished-at="2025-10-21T16:00:49 AEST" duration-ms="817" status="PASS">
          <reporter-output>
          </reporter-output>
        </test-method> <!-- pageSetup -->
        <test-method signature="validateLogin()[pri:0, instance:com.CRM.TestCase.LoginPageTestCase@557caf28]" started-at="2025-10-21T16:00:49 AEST" name="validateLogin" finished-at="2025-10-21T16:00:51 AEST" duration-ms="1122" status="PASS">
          <reporter-output>
          </reporter-output>
        </test-method> <!-- validateLogin -->
      </class> <!-- com.CRM.TestCase.LoginPageTestCase -->
    </test> <!-- Default test -->
  </suite> <!-- Default suite -->
</testng-results>
