<?xml version="1.0" encoding="UTF-8"?>
<testng-results ignored="0" total="3" passed="3" failed="0" skipped="0">
  <reporter-output>
  </reporter-output>
  <suite started-at="2025-11-12T16:35:41 AEST" name="Suite" finished-at="2025-11-12T16:36:42 AEST" duration-ms="61172">
    <groups>
    </groups>
    <test started-at="2025-11-12T16:35:41 AEST" name="ChromeTest" finished-at="2025-11-12T16:35:49 AEST" duration-ms="7576">
      <class name="seleniumGrid.ParallelTest">
        <test-method signature="crossBrowserTest(java.lang.String)[pri:0, instance:seleniumGrid.ParallelTest@6150c3ec]" started-at="2025-11-12T16:35:41 AEST" name="crossBrowserTest" finished-at="2025-11-12T16:35:49 AEST" duration-ms="7481" status="PASS">
          <params>
            <param index="0">
              <value>
                <![CDATA[Chrome]]>
              </value>
            </param>
          </params>
          <reporter-output>
          </reporter-output>
        </test-method> <!-- crossBrowserTest -->
      </class> <!-- seleniumGrid.ParallelTest -->
    </test> <!-- ChromeTest -->
    <test started-at="2025-11-12T16:35:49 AEST" name="FirefoxTest" finished-at="2025-11-12T16:36:04 AEST" duration-ms="14676">
      <class name="seleniumGrid.ParallelTest">
        <test-method signature="crossBrowserTest(java.lang.String)[pri:0, instance:seleniumGrid.ParallelTest@69453e37]" started-at="2025-11-12T16:35:49 AEST" name="crossBrowserTest" finished-at="2025-11-12T16:36:04 AEST" duration-ms="14670" status="PASS">
          <params>
            <param index="0">
              <value>
                <![CDATA[Firefox]]>
              </value>
            </param>
          </params>
          <reporter-output>
          </reporter-output>
        </test-method> <!-- crossBrowserTest -->
      </class> <!-- seleniumGrid.ParallelTest -->
    </test> <!-- FirefoxTest -->
    <test started-at="2025-11-12T16:36:04 AEST" name="EdgeTest" finished-at="2025-11-12T16:36:42 AEST" duration-ms="38769">
      <class name="seleniumGrid.ParallelTest">
        <test-method signature="crossBrowserTest(java.lang.String)[pri:0, instance:seleniumGrid.ParallelTest@ae13544]" started-at="2025-11-12T16:36:04 AEST" name="crossBrowserTest" finished-at="2025-11-12T16:36:42 AEST" duration-ms="38760" status="PASS">
          <params>
            <param index="0">
              <value>
                <![CDATA[Edge]]>
              </value>
            </param>
          </params>
          <reporter-output>
          </reporter-output>
        </test-method> <!-- crossBrowserTest -->
      </class> <!-- seleniumGrid.ParallelTest -->
    </test> <!-- EdgeTest -->
  </suite> <!-- Suite -->
</testng-results>
