<?xml version="1.0" encoding="UTF-8"?>
<!-- Generated by org.testng.reporters.JUnitReportReporter -->
<testsuite hostname="DESKTOP-KJ7QM76" failures="0" tests="3" name="seleniumGrid.ParallelTest" time="92.416" errors="0" timestamp="2025-11-13T23:44:17 AEST" skipped="0">
  <testcase classname="seleniumGrid.ParallelTest" name="crossBrowserTest" time="29.838"/>
  <testcase classname="seleniumGrid.ParallelTest" name="crossBrowserTest" time="18.214"/>
  <testcase classname="seleniumGrid.ParallelTest" name="crossBrowserTest" time="44.364"/>
</testsuite> <!-- seleniumGrid.ParallelTest -->
