<?xml version="1.0" encoding="UTF-8"?>
<!-- Generated by org.testng.reporters.JUnitReportReporter -->
<testsuite hostname="DESKTOP-KJ7QM76" failures="0" tests="3" name="seleniumGrid.ParallelTest" time="60.911" errors="0" timestamp="2025-11-12T16:36:43 AEST" skipped="0">
  <testcase classname="seleniumGrid.ParallelTest" name="crossBrowserTest" time="38.760"/>
  <testcase classname="seleniumGrid.ParallelTest" name="crossBrowserTest" time="7.481"/>
  <testcase classname="seleniumGrid.ParallelTest" name="crossBrowserTest" time="14.670"/>
</testsuite> <!-- seleniumGrid.ParallelTest -->
