<?xml version="1.0" encoding="UTF-8"?>
<!-- Generated by org.testng.reporters.JUnitReportReporter -->
<testsuite hostname="DESKTOP-KJ7QM76" failures="0" tests="3" name="com.CRM.TestCase.HomePageTestCase" time="1.610" errors="0" timestamp="2025-10-21T15:46:55 AEST" skipped="0">
  <testcase classname="com.CRM.TestCase.HomePageTestCase" name="verifyURL" time="0.819"/>
  <testcase classname="com.CRM.TestCase.HomePageTestCase" name="verifyTitle" time="0.021"/>
  <testcase classname="com.CRM.TestCase.HomePageTestCase" name="validateSignInLink" time="0.770"/>
</testsuite> <!-- com.CRM.TestCase.HomePageTestCase -->
