<?xml version="1.0" encoding="UTF-8"?>
<!-- Generated by org.testng.reporters.JUnitReportReporter -->
<testsuite hostname="DESKTOP-KJ7QM76" failures="0" tests="3" name="com.CRM.TestCase.HomePageTestCase" time="0.996" errors="0" timestamp="2025-11-12T16:11:31 AEST" skipped="0">
  <testcase classname="com.CRM.TestCase.HomePageTestCase" name="verifyURL" time="0.068"/>
  <testcase classname="com.CRM.TestCase.HomePageTestCase" name="verifyTitle" time="0.083"/>
  <testcase classname="com.CRM.TestCase.HomePageTestCase" name="validateSignInLink" time="0.845"/>
</testsuite> <!-- com.CRM.TestCase.HomePageTestCase -->
